<?xml version="1.0" encoding="UTF-8"?>
<testsuite xmlns:xsi="http://www.w3.org/2001/XMLSchema-instance" xsi:noNamespaceSchemaLocation="https://maven.apache.org/surefire/maven-surefire-plugin/xsd/surefire-test-report-3.0.xsd" version="3.0" name="com.example.futbol.EquipoFutbolApplicationTests" time="10.463" tests="1" errors="0" skipped="0" failures="0">
  <properties>
[...]
</properties>
  <testcase name="contextLoads" classname="com.example.futbol.EquipoFutbolApplicationTests" time="0.793">
    <system-out><![CDATA[16:10:17.533 [main] INFO org.springframework.test.context.support.AnnotationConfigContextLoaderUtils -- Could not detect default configuration classes for test class [com.example.futbol.EquipoFutbolApplicationTests]: EquipoFutbolApplicationTests does not declare any static, non-private, non-final, nested classes annotated with @Configuration.
16:10:17.724 [main] INFO org.springframework.boot.test.context.SpringBootTestContextBootstrapper -- Found @SpringBootConfiguration com.example.futbol.EquipoFutbolApplication for test class com.example.futbol.EquipoFutbolApplicationTests
16:10:17.980 [main] INFO org.springframework.boot.devtools.restart.RestartApplicationListener -- Restart disabled due to context in which it is running

  .   ____          _            __ _ _
 /\\ / ___'_ __ _ _(_)_ __  __ _ \ \ \ \
( ( )\___ | '_ | '_| | '_ \/ _` | \ \ \ \
 \\/  ___)| |_)| | | | | || (_| |  ) ) ) )
  '  |____| .__|_| |_|_| |_\__, | / / / /
 =========|_|==============|___/=/_/_/_/
 :: Spring Boot ::                (v3.2.0)

2025-11-17T16:10:18.401-05:00  INFO 21856 --- [           main] c.e.futbol.EquipoFutbolApplicationTests  : Starting EquipoFutbolApplicationTests using Java 21.0.8 with PID 21856 (started by Who in C:\Users\Who\Documents\SpringBoot\Equipo_Futbol)
2025-11-17T16:10:18.403-05:00  INFO 21856 --- [           main] c.e.futbol.EquipoFutbolApplicationTests  : No active profile set, falling back to 1 default profile: "default"
2025-11-17T16:10:19.949-05:00  INFO 21856 --- [           main] .s.d.r.c.RepositoryConfigurationDelegate : Bootstrapping Spring Data JPA repositories in DEFAULT mode.
2025-11-17T16:10:20.056-05:00  INFO 21856 --- [           main] .s.d.r.c.RepositoryConfigurationDelegate : Finished Spring Data repository scanning in 94 ms. Found 5 JPA repository interfaces.
2025-11-17T16:10:20.882-05:00  INFO 21856 --- [           main] o.hibernate.jpa.internal.util.LogHelper  : HHH000204: Processing PersistenceUnitInfo [name: default]
2025-11-17T16:10:21.050-05:00  INFO 21856 --- [           main] org.hibernate.Version                    : HHH000412: Hibernate ORM core version 6.3.1.Final
2025-11-17T16:10:21.183-05:00  INFO 21856 --- [           main] o.h.c.internal.RegionFactoryInitiator    : HHH000026: Second-level cache disabled
2025-11-17T16:10:21.841-05:00  INFO 21856 --- [           main] o.s.o.j.p.SpringPersistenceUnitInfo      : No LoadTimeWeaver setup: ignoring JPA class transformer
2025-11-17T16:10:21.909-05:00  INFO 21856 --- [           main] com.zaxxer.hikari.HikariDataSource       : HikariPool-1 - Starting...
2025-11-17T16:10:22.340-05:00  INFO 21856 --- [           main] com.zaxxer.hikari.pool.HikariPool        : HikariPool-1 - Added connection conn0: url=jdbc:h2:mem:testdb user=SA
2025-11-17T16:10:22.344-05:00  INFO 21856 --- [           main] com.zaxxer.hikari.HikariDataSource       : HikariPool-1 - Start completed.
2025-11-17T16:10:23.801-05:00  INFO 21856 --- [           main] o.h.e.t.j.p.i.JtaPlatformInitiator       : HHH000489: No JTA platform available (set 'hibernate.transaction.jta.platform' to enable JTA platform integration)
Hibernate: create table asociaciones (id bigint generated by default as identity, nombre varchar(255) not null, pais varchar(255), presidente varchar(255), primary key (id))
Hibernate: create table club_competicion (club_id bigint not null, competicion_id bigint not null)
Hibernate: create table clubes (id bigint generated by default as identity, ciudad varchar(255), fundacion integer not null, nombre varchar(255) not null, asociacion_id bigint, entrenador_id bigint, primary key (id))
Hibernate: create table competiciones (id bigint generated by default as identity, fecha_fin date, fecha_inicio date, monto_premio integer not null, nombre varchar(255) not null, primary key (id))
Hibernate: create table entrenadores (id bigint generated by default as identity, apellido varchar(255) not null, edad integer not null, nacionalidad varchar(255), nombre varchar(255) not null, primary key (id))
Hibernate: create table jugadores (id bigint generated by default as identity, apellido varchar(255) not null, nombre varchar(255) not null, numero integer not null, posicion varchar(255), club_id bigint, primary key (id))
Hibernate: alter table if exists clubes drop constraint if exists UK_6gq7e1il2l0gbwes6ele61h0t
Hibernate: alter table if exists clubes add constraint UK_6gq7e1il2l0gbwes6ele61h0t unique (entrenador_id)
Hibernate: alter table if exists club_competicion add constraint FKrq56s8st9bfvgmhr932n9jm29 foreign key (competicion_id) references competiciones
Hibernate: alter table if exists club_competicion add constraint FK49lj5v8ms7w27xbalu5vikamh foreign key (club_id) references clubes
Hibernate: alter table if exists clubes add constraint FKqo3djd5oghqqdc4lgbsbo2s5s foreign key (asociacion_id) references asociaciones
Hibernate: alter table if exists clubes add constraint FKsq1qkhct2xelr1wjuyrv8kn0t foreign key (entrenador_id) references entrenadores
Hibernate: alter table if exists jugadores add constraint FKnid2qofqk5xq26m8subsj87c9 foreign key (club_id) references clubes
2025-11-17T16:10:23.899-05:00  INFO 21856 --- [           main] j.LocalContainerEntityManagerFactoryBean : Initialized JPA EntityManagerFactory for persistence unit 'default'
2025-11-17T16:10:24.537-05:00  INFO 21856 --- [           main] o.s.d.j.r.query.QueryEnhancerFactory     : Hibernate is in classpath; If applicable, HQL parser will be used.
2025-11-17T16:10:26.097-05:00  WARN 21856 --- [           main] JpaBaseConfiguration$JpaWebConfiguration : spring.jpa.open-in-view is enabled by default. Therefore, database queries may be performed during view rendering. Explicitly configure spring.jpa.open-in-view to disable this warning
2025-11-17T16:10:26.138-05:00  INFO 21856 --- [           main] o.s.b.a.w.s.WelcomePageHandlerMapping    : Adding welcome page template: index
2025-11-17T16:10:26.753-05:00  INFO 21856 --- [           main] o.s.b.a.h2.H2ConsoleAutoConfiguration    : H2 console available at '/h2-console'. Database available at 'jdbc:h2:mem:testdb'
2025-11-17T16:10:26.843-05:00  INFO 21856 --- [           main] c.e.futbol.EquipoFutbolApplicationTests  : Started EquipoFutbolApplicationTests in 8.888 seconds (process running for 16.528)
]]></system-out>
    <system-err><![CDATA[WARNING: A Java agent has been loaded dynamically (C:\Users\Who\.m2\repository\net\bytebuddy\byte-buddy-agent\1.14.10\byte-buddy-agent-1.14.10.jar)
WARNING: If a serviceability tool is in use, please run with -XX:+EnableDynamicAgentLoading to hide this warning
WARNING: If a serviceability tool is not in use, please run with -Djdk.instrument.traceUsage for more information
WARNING: Dynamic loading of agents will be disallowed by default in a future release
]]></system-err>
  </testcase>
</testsuite>